Flutter crash report.
Please report a bug at https://github.com/flutter/flutter/issues.

## command

flutter --quiet assemble --no-version-check --depfile C:\Users\nena\StudioProjects\new_project\build\app\intermediates\flutter\debug/flutter_build.d --output C:\Users\nena\StudioProjects\new_project\build\app\intermediates\flutter\debug -dTargetFile=C:\Users\nena\StudioProjects\new_project\lib\main.dart -dTargetPlatform=android -dBuildMode=debug -dTrackWidgetCreation=true --DartDefines=Zmx1dHRlci5pbnNwZWN0b3Iuc3RydWN0dXJlZEVycm9ycz10cnVl -dFlavor= -dAndroidArchs=android-arm -dMinSdkVersion=23 debug_android_application

## exception

PathAccessException: PathAccessException: Cannot delete file, path = 'C:\Users\nena\StudioProjects\new_project\build\app\intermediates\flutter\debug\flutter_assets\assets/images/Card1.png' (OS Error: Access is denied.
, errno = 5)

```
#0      _File.throwIfError (dart:io/file_impl.dart:675:7)
#1      _File._deleteSync (dart:io/file_impl.dart:329:5)
#2      FileSystemEntity.deleteSync (dart:io/file_system_entity.dart:407:7)
#3      ForwardingFileSystemEntity.deleteSync (package:file/src/forwarding/forwarding_file_system_entity.dart:70:16)
#4      ForwardingFileSystemEntity.deleteSync (package:file/src/forwarding/forwarding_file_system_entity.dart:70:16)
#5      ErrorHandlingFileSystem.deleteIfExists (package:flutter_tools/src/base/error_handling_io.dart:84:14)
#6      FlutterBuildSystem.trackSharedBuildDirectory (package:flutter_tools/src/build_system/build_system.dart:794:33)
#7      FlutterBuildSystem.build (package:flutter_tools/src/build_system/build_system.dart:675:5)
<asynchronous suspension>
#8      AssembleCommand.runCommand (package:flutter_tools/src/commands/assemble.dart:329:32)
<asynchronous suspension>
#9      FlutterCommand.run.<anonymous closure> (package:flutter_tools/src/runner/flutter_command.dart:1450:27)
<asynchronous suspension>
#10     AppContext.run.<anonymous closure> (package:flutter_tools/src/base/context.dart:153:19)
<asynchronous suspension>
#11     CommandRunner.runCommand (package:args/command_runner.dart:212:13)
<asynchronous suspension>
#12     FlutterCommandRunner.runCommand.<anonymous closure> (package:flutter_tools/src/runner/flutter_command_runner.dart:421:9)
<asynchronous suspension>
#13     AppContext.run.<anonymous closure> (package:flutter_tools/src/base/context.dart:153:19)
<asynchronous suspension>
#14     FlutterCommandRunner.runCommand (package:flutter_tools/src/runner/flutter_command_runner.dart:364:5)
<asynchronous suspension>
#15     run.<anonymous closure>.<anonymous closure> (package:flutter_tools/runner.dart:131:9)
<asynchronous suspension>
#16     AppContext.run.<anonymous closure> (package:flutter_tools/src/base/context.dart:153:19)
<asynchronous suspension>
#17     main (package:flutter_tools/executable.dart:94:3)
<asynchronous suspension>
```

## flutter doctor

```
[✓] Flutter (Channel stable, 3.27.1, on Microsoft Windows [Version 10.0.22631.4602], locale en-IN)
    • Flutter version 3.27.1 on channel stable at C:\flutter\src\flutter_windows_3.24.5-stable\flutter
    • Upstream repository https://github.com/flutter/flutter.git
    • Framework revision 17025dd882 (2 weeks ago), 2024-12-17 03:23:09 +0900
    • Engine revision cb4b5fff73
    • Dart version 3.6.0
    • DevTools version 2.40.2

[✓] Windows Version (Installed version of Windows is version 10 or higher)

[!] Android toolchain - develop for Android devices (Android SDK version 35.0.0)
    • Android SDK at C:/Users/nena/AppData/Local/Android/Sdk
    ✗ cmdline-tools component is missing
      Run `path/to/sdkmanager --install "cmdline-tools;latest"`
      See https://developer.android.com/studio/command-line for more details.
    ✗ Android license status unknown.
      Run `flutter doctor --android-licenses` to accept the SDK licenses.
      See https://flutter.dev/to/windows-android-setup for more details.

[✓] Chrome - develop for the web
    • Chrome at C:\Program Files (x86)\Google\Chrome\Application\chrome.exe

[!] Visual Studio - develop Windows apps (Visual Studio Build Tools 2022 17.11.4)
    • Visual Studio at C:\Program Files (x86)\Microsoft Visual Studio\2022\BuildTools
    • Visual Studio Build Tools 2022 version 17.11.35312.102
    ✗ The current Visual Studio installation is incomplete.
      Please use Visual Studio Installer to complete the installation or reinstall Visual Studio.

[✓] Android Studio (version 2024.2)
    • Android Studio at C:\Program Files\Android\Android Studio
    • Flutter plugin can be installed from:
      🔨 https://plugins.jetbrains.com/plugin/9212-flutter
    • Dart plugin can be installed from:
      🔨 https://plugins.jetbrains.com/plugin/6351-dart
    • Java version OpenJDK Runtime Environment (build 21.0.3+-12282718-b509.11)

[✓] Connected device (4 available)
    • M2006C3LI (mobile) • 6X89FYHEPNWOK7WK • android-arm    • Android 10 (API 29)
    • Windows (desktop)  • windows          • windows-x64    • Microsoft Windows [Version 10.0.22631.4602]
    • Chrome (web)       • chrome           • web-javascript • Google Chrome 131.0.6778.205
    • Edge (web)         • edge             • web-javascript • Microsoft Edge 131.0.2903.112

[✓] Network resources
    • All expected network resources are available.

! Doctor found issues in 2 categories.
```
