#
# There is insufficient memory for the Java Runtime Environment to continue.
# Native memory allocation (malloc) failed to allocate 1857696 bytes. Error detail: Chunk::new
# Possible reasons:
#   The system is out of physical RAM or swap space
#   This process is running with CompressedOops enabled, and the Java Heap may be blocking the growth of the native heap
# Possible solutions:
#   Reduce memory load on the system
#   Increase physical memory or swap space
#   Check if swap backing store is full
#   Decrease Java heap size (-Xmx/-Xms)
#   Decrease number of Java threads
#   Decrease Java thread stack sizes (-Xss)
#   Set larger code cache with -XX:ReservedCodeCacheSize=
#   JVM is running with Zero Based Compressed Oops mode in which the Java heap is
#     placed in the first 32GB address space. The Java Heap base address is the
#     maximum limit for the native heap growth. Please use -XX:HeapBaseMinAddress
#     to set the Java Heap base and to place the Java Heap above 32GB virtual address.
# This output file may be truncated or incomplete.
#
#  Out of Memory Error (arena.cpp:168), pid=5336, tid=20396
#
# JRE version: OpenJDK Runtime Environment (21.0.3) (build 21.0.3+-12282718-b509.11)
# Java VM: OpenJDK 64-Bit Server VM (21.0.3+-12282718-b509.11, mixed mode, tiered, compressed oops, compressed class ptrs, g1 gc, windows-amd64)
# No core dump will be written. Minidumps are not enabled by default on client versions of Windows
#

---------------  S U M M A R Y ------------

Command Line: -XX:MaxMetaspaceSize=2G -XX:+HeapDumpOnOutOfMemoryError --add-opens=java.base/java.util=ALL-UNNAMED --add-opens=java.base/java.lang=ALL-UNNAMED --add-opens=java.base/java.lang.invoke=ALL-UNNAMED --add-opens=java.prefs/java.util.prefs=ALL-UNNAMED --add-opens=java.base/java.nio.charset=ALL-UNNAMED --add-opens=java.base/java.net=ALL-UNNAMED --add-opens=java.base/java.util.concurrent.atomic=ALL-UNNAMED -Xmx4G -Dfile.encoding=UTF-8 -Duser.country=IN -Duser.language=en -Duser.variant -javaagent:C:\Users\nena\.gradle\wrapper\dists\gradle-8.3-all\6en3ugtfdg5xnpx44z4qbwgas\gradle-8.3\lib\agents\gradle-instrumentation-agent-8.3.jar org.gradle.launcher.daemon.bootstrap.GradleDaemon 8.3

Host: Intel(R) Core(TM) i3-8130U CPU @ 2.20GHz, 4 cores, 3G,  Windows 11 , 64 bit Build 22621 (10.0.22621.4391)
Time: Mon Dec 16 14:19:25 2024 India Standard Time elapsed time: 49.117249 seconds (0d 0h 0m 49s)

---------------  T H R E A D  ---------------

Current thread (0x000001e5ce835dd0):  JavaThread "C2 CompilerThread0" daemon [_thread_in_native, id=20396, stack(0x0000008de3100000,0x0000008de3200000) (1024K)]


Current CompileTask:
C2:  49117 7945       4       sun.reflect.generics.parser.SignatureParser::parseFieldTypeSignature (73 bytes)

Stack: [0x0000008de3100000,0x0000008de3200000]
Native frames: (J=compiled Java code, j=interpreted, Vv=VM code, C=native code)
V  [jvm.dll+0x6cafb9]
V  [jvm.dll+0x858523]
V  [jvm.dll+0x85aa7e]
V  [jvm.dll+0x85b163]
V  [jvm.dll+0x27d356]
V  [jvm.dll+0xbf93d]
V  [jvm.dll+0xbfe73]
V  [jvm.dll+0x3b1ceb]
V  [jvm.dll+0x37e787]
V  [jvm.dll+0x37dbfa]
V  [jvm.dll+0x246b02]
V  [jvm.dll+0x2460d1]
V  [jvm.dll+0x1c5804]
V  [jvm.dll+0x25575c]
V  [jvm.dll+0x253c36]
V  [jvm.dll+0x3ec996]
V  [jvm.dll+0x800d78]
V  [jvm.dll+0x6c98cd]
C  [ucrtbase.dll+0x29333]
C  [KERNEL32.DLL+0x1259d]
C  [ntdll.dll+0x5af38]


---------------  P R O C E S S  ---------------

Threads class SMR info:
_java_thread_list=0x000001e5d6507b00, length=51, elements={
0x000001e5b2dc5700, 0x000001e5ce829760, 0x000001e5ce82a420, 0x000001e5ce82cf90,
0x000001e5ce82d600, 0x000001e5ce82e800, 0x000001e5ce82fa00, 0x000001e5ce835dd0,
0x000001e5ce83d5b0, 0x000001e5ce93c660, 0x000001e5ceae6250, 0x000001e5d3baf750,
0x000001e5d3c6d410, 0x000001e5d3c5fec0, 0x000001e5d3b88b10, 0x000001e5cea66220,
0x000001e5d3b7e270, 0x000001e5d3b89620, 0x000001e5d448c670, 0x000001e5d448ac30,
0x000001e5d448bfe0, 0x000001e5d448cd00, 0x000001e5d448b2c0, 0x000001e5d4489880,
0x000001e5d4489f10, 0x000001e5d448a5a0, 0x000001e5d5488b60, 0x000001e5d5489f10,
0x000001e5d548b2c0, 0x000001e5d548a5a0, 0x000001e5d548ac30, 0x000001e5d548e0b0,
0x000001e5d548e740, 0x000001e5d548b950, 0x000001e5d5490180, 0x000001e5d54891f0,
0x000001e5d5489880, 0x000001e5d5220ff0, 0x000001e5d5225820, 0x000001e5d5225eb0,
0x000001e5d5227f80, 0x000001e5d5226540, 0x000001e5d52223a0, 0x000001e5d5221d10,
0x000001e5d52278f0, 0x000001e5d52230c0, 0x000001e5d5227260, 0x000001e5d5223750,
0x000001e5d5224470, 0x000001e5d5224b00, 0x000001e5d5225190
}

Java Threads: ( => current thread )
  0x000001e5b2dc5700 JavaThread "main"                              [_thread_blocked, id=5504, stack(0x0000008de2300000,0x0000008de2400000) (1024K)]
  0x000001e5ce829760 JavaThread "Reference Handler"          daemon [_thread_blocked, id=15144, stack(0x0000008de2b00000,0x0000008de2c00000) (1024K)]
  0x000001e5ce82a420 JavaThread "Finalizer"                  daemon [_thread_blocked, id=20876, stack(0x0000008de2c00000,0x0000008de2d00000) (1024K)]
  0x000001e5ce82cf90 JavaThread "Signal Dispatcher"          daemon [_thread_blocked, id=19056, stack(0x0000008de2d00000,0x0000008de2e00000) (1024K)]
  0x000001e5ce82d600 JavaThread "Attach Listener"            daemon [_thread_blocked, id=4512, stack(0x0000008de2e00000,0x0000008de2f00000) (1024K)]
  0x000001e5ce82e800 JavaThread "Service Thread"             daemon [_thread_blocked, id=1528, stack(0x0000008de2f00000,0x0000008de3000000) (1024K)]
  0x000001e5ce82fa00 JavaThread "Monitor Deflation Thread"   daemon [_thread_blocked, id=5256, stack(0x0000008de3000000,0x0000008de3100000) (1024K)]
=>0x000001e5ce835dd0 JavaThread "C2 CompilerThread0"         daemon [_thread_in_native, id=20396, stack(0x0000008de3100000,0x0000008de3200000) (1024K)]
  0x000001e5ce83d5b0 JavaThread "C1 CompilerThread0"         daemon [_thread_in_vm, id=20612, stack(0x0000008de3200000,0x0000008de3300000) (1024K)]
  0x000001e5ce93c660 JavaThread "Common-Cleaner"             daemon [_thread_blocked, id=13876, stack(0x0000008de3300000,0x0000008de3400000) (1024K)]
  0x000001e5ceae6250 JavaThread "Notification Thread"        daemon [_thread_blocked, id=17384, stack(0x0000008de3400000,0x0000008de3500000) (1024K)]
  0x000001e5d3baf750 JavaThread "Daemon health stats"               [_thread_blocked, id=7736, stack(0x0000008de3800000,0x0000008de3900000) (1024K)]
  0x000001e5d3c6d410 JavaThread "Incoming local TCP Connector on port 58291"        [_thread_in_native, id=17264, stack(0x0000008de3900000,0x0000008de3a00000) (1024K)]
  0x000001e5d3c5fec0 JavaThread "Daemon periodic checks"            [_thread_blocked, id=16128, stack(0x0000008de3a00000,0x0000008de3b00000) (1024K)]
  0x000001e5d3b88b10 JavaThread "Daemon"                            [_thread_blocked, id=19880, stack(0x0000008de3b00000,0x0000008de3c00000) (1024K)]
  0x000001e5cea66220 JavaThread "Handler for socket connection from /127.0.0.1:58291 to /127.0.0.1:58292"        [_thread_in_native, id=17064, stack(0x0000008de3c00000,0x0000008de3d00000) (1024K)]
  0x000001e5d3b7e270 JavaThread "Cancel handler"                    [_thread_blocked, id=8976, stack(0x0000008de3d00000,0x0000008de3e00000) (1024K)]
  0x000001e5d3b89620 JavaThread "Daemon worker"                     [_thread_in_Java, id=18132, stack(0x0000008de3e00000,0x0000008de3f00000) (1024K)]
  0x000001e5d448c670 JavaThread "Asynchronous log dispatcher for DefaultDaemonConnection: socket connection from /127.0.0.1:58291 to /127.0.0.1:58292"        [_thread_blocked, id=20588, stack(0x0000008de3f00000,0x0000008de4000000) (1024K)]
  0x000001e5d448ac30 JavaThread "Stdin handler"                     [_thread_blocked, id=13996, stack(0x0000008de4000000,0x0000008de4100000) (1024K)]
  0x000001e5d448bfe0 JavaThread "Daemon client event forwarder"        [_thread_blocked, id=8660, stack(0x0000008de4100000,0x0000008de4200000) (1024K)]
  0x000001e5d448cd00 JavaThread "Cache worker for journal cache (C:\Users\nena\.gradle\caches\journal-1)"        [_thread_blocked, id=17356, stack(0x0000008de4200000,0x0000008de4300000) (1024K)]
  0x000001e5d448b2c0 JavaThread "File lock request listener"        [_thread_in_native, id=15948, stack(0x0000008de4300000,0x0000008de4400000) (1024K)]
  0x000001e5d4489880 JavaThread "Cache worker for file hash cache (C:\Users\nena\.gradle\caches\8.3\fileHashes)"        [_thread_blocked, id=17544, stack(0x0000008de4400000,0x0000008de4500000) (1024K)]
  0x000001e5d4489f10 JavaThread "File watcher server"        daemon [_thread_in_native, id=17616, stack(0x0000008de4500000,0x0000008de4600000) (1024K)]
  0x000001e5d448a5a0 JavaThread "File watcher consumer"      daemon [_thread_blocked, id=9952, stack(0x0000008de4600000,0x0000008de4700000) (1024K)]
  0x000001e5d5488b60 JavaThread "Cache worker for checksums cache (C:\Users\nena\StudioProjects\new_project\android\.gradle\8.3\checksums)"        [_thread_blocked, id=17948, stack(0x0000008de4700000,0x0000008de4800000) (1024K)]
  0x000001e5d5489f10 JavaThread "Cache worker for file hash cache (C:\Users\nena\StudioProjects\new_project\android\.gradle\8.3\fileHashes)"        [_thread_blocked, id=21264, stack(0x0000008de4800000,0x0000008de4900000) (1024K)]
  0x000001e5d548b2c0 JavaThread "Cache worker for cache directory md-supplier (C:\Users\nena\.gradle\caches\8.3\md-supplier)"        [_thread_blocked, id=18008, stack(0x0000008de4900000,0x0000008de4a00000) (1024K)]
  0x000001e5d548a5a0 JavaThread "Cache worker for file content cache (C:\Users\nena\.gradle\caches\8.3\fileContent)"        [_thread_blocked, id=17060, stack(0x0000008de4a00000,0x0000008de4b00000) (1024K)]
  0x000001e5d548ac30 JavaThread "Cache worker for cache directory md-rule (C:\Users\nena\.gradle\caches\8.3\md-rule)"        [_thread_blocked, id=16512, stack(0x0000008de4b00000,0x0000008de4c00000) (1024K)]
  0x000001e5d548e0b0 JavaThread "Cache worker for execution history cache (C:\Users\nena\.gradle\caches\8.3\executionHistory)"        [_thread_blocked, id=10388, stack(0x0000008de4c00000,0x0000008de4d00000) (1024K)]
  0x000001e5d548e740 JavaThread "jar transforms"                    [_thread_blocked, id=19908, stack(0x0000008de4d00000,0x0000008de4e00000) (1024K)]
  0x000001e5d548b950 JavaThread "Cache worker for kotlin-dsl (C:\Users\nena\.gradle\caches\8.3\kotlin-dsl)"        [_thread_blocked, id=9356, stack(0x0000008de4e00000,0x0000008de4f00000) (1024K)]
  0x000001e5d5490180 JavaThread "jar transforms Thread 2"           [_thread_blocked, id=19336, stack(0x0000008de4f00000,0x0000008de5000000) (1024K)]
  0x000001e5d54891f0 JavaThread "jar transforms Thread 3"           [_thread_blocked, id=21232, stack(0x0000008de5000000,0x0000008de5100000) (1024K)]
  0x000001e5d5489880 JavaThread "Cache worker for dependencies-accessors (C:\Users\nena\StudioProjects\new_project\android\.gradle\8.3\dependencies-accessors)"        [_thread_blocked, id=18472, stack(0x0000008de5100000,0x0000008de5200000) (1024K)]
  0x000001e5d5220ff0 JavaThread "Cache worker for Build Output Cleanup Cache (C:\flutter\src\flutter_windows_3.24.5-stable\flutter\packages\flutter_tools\gradle\.gradle\buildOutputCleanup)"        [_thread_blocked, id=21244, stack(0x0000008de5200000,0x0000008de5300000) (1024K)]
  0x000001e5d5225820 JavaThread "jar transforms Thread 4"           [_thread_blocked, id=12392, stack(0x0000008de5300000,0x0000008de5400000) (1024K)]
  0x000001e5d5225eb0 JavaThread "Memory manager"                    [_thread_blocked, id=2756, stack(0x0000008de5400000,0x0000008de5500000) (1024K)]
  0x000001e5d5227f80 JavaThread "included builds"                   [_thread_blocked, id=6468, stack(0x0000008de5500000,0x0000008de5600000) (1024K)]
  0x000001e5d5226540 JavaThread "Execution worker"                  [_thread_blocked, id=19396, stack(0x0000008de5600000,0x0000008de5700000) (1024K)]
  0x000001e5d52223a0 JavaThread "Execution worker Thread 2"         [_thread_blocked, id=8608, stack(0x0000008de5700000,0x0000008de5800000) (1024K)]
  0x000001e5d5221d10 JavaThread "Execution worker Thread 3"         [_thread_blocked, id=14764, stack(0x0000008de5800000,0x0000008de5900000) (1024K)]
  0x000001e5d52278f0 JavaThread "Cache worker for execution history cache (C:\flutter\src\flutter_windows_3.24.5-stable\flutter\packages\flutter_tools\gradle\.gradle\8.3\executionHistory)"        [_thread_blocked, id=20924, stack(0x0000008de5900000,0x0000008de5a00000) (1024K)]
  0x000001e5d52230c0 JavaThread "Unconstrained build operations"        [_thread_blocked, id=5544, stack(0x0000008de5a00000,0x0000008de5b00000) (1024K)]
  0x000001e5d5227260 JavaThread "Unconstrained build operations Thread 2"        [_thread_blocked, id=18280, stack(0x0000008de5b00000,0x0000008de5c00000) (1024K)]
  0x000001e5d5223750 JavaThread "Unconstrained build operations Thread 3"        [_thread_blocked, id=18004, stack(0x0000008de5c00000,0x0000008de5d00000) (1024K)]
  0x000001e5d5224470 JavaThread "Unconstrained build operations Thread 4"        [_thread_blocked, id=9476, stack(0x0000008de5d00000,0x0000008de5e00000) (1024K)]
  0x000001e5d5224b00 JavaThread "Unconstrained build operations Thread 5"        [_thread_blocked, id=6972, stack(0x0000008de5e00000,0x0000008de5f00000) (1024K)]
  0x000001e5d5225190 JavaThread "Unconstrained build operations Thread 6"        [_thread_blocked, id=17516, stack(0x0000008de5f00000,0x0000008de6000000) (1024K)]
Total: 51

Other Threads:
  0x000001e5ce54d820 VMThread "VM Thread"                           [id=13192, stack(0x0000008de2a00000,0x0000008de2b00000) (1024K)]
  0x000001e5ce4ee310 WatcherThread "VM Periodic Task Thread"        [id=13708, stack(0x0000008de2900000,0x0000008de2a00000) (1024K)]
  0x000001e5b4fc24c0 WorkerThread "GC Thread#0"                     [id=11924, stack(0x0000008de2400000,0x0000008de2500000) (1024K)]
  0x000001e5d3196cf0 WorkerThread "GC Thread#1"                     [id=17620, stack(0x0000008de3500000,0x0000008de3600000) (1024K)]
  0x000001e5d3349f80 WorkerThread "GC Thread#2"                     [id=19260, stack(0x0000008de3600000,0x0000008de3700000) (1024K)]
  0x000001e5d39c81b0 WorkerThread "GC Thread#3"                     [id=5212, stack(0x0000008de3700000,0x0000008de3800000) (1024K)]
  0x000001e5b4fd34a0 ConcurrentGCThread "G1 Main Marker"            [id=17468, stack(0x0000008de2500000,0x0000008de2600000) (1024K)]
  0x000001e5b4fd4110 WorkerThread "G1 Conc#0"                       [id=19116, stack(0x0000008de2600000,0x0000008de2700000) (1024K)]
  0x000001e5b500ff80 ConcurrentGCThread "G1 Refine#0"               [id=2172, stack(0x0000008de2700000,0x0000008de2800000) (1024K)]
  0x000001e5b5010af0 ConcurrentGCThread "G1 Service"                [id=11528, stack(0x0000008de2800000,0x0000008de2900000) (1024K)]
Total: 10

Threads with active compile tasks:
C2 CompilerThread0    49232 7945       4       sun.reflect.generics.parser.SignatureParser::parseFieldTypeSignature (73 bytes)
Total: 1

VM state: not at safepoint (normal execution)

VM Mutex/Monitor currently owned by a thread: None

Heap address: 0x0000000700000000, size: 4096 MB, Compressed Oops mode: Zero based, Oop shift amount: 3

CDS archive(s) not mapped
Compressed class space mapped at: 0x0000000800000000-0x0000000840000000, reserved size: 1073741824
Narrow klass base: 0x0000000800000000, Narrow klass shift: 0, Narrow klass range: 0x40000000

GC Precious Log:
 CardTable entry size: 512
 Card Set container configuration: InlinePtr #cards 4 size 8 Array Of Cards #cards 16 size 48 Howl #buckets 8 coarsen threshold 3686 Howl Bitmap #cards 512 size 80 coarsen threshold 460 Card regions per heap region 1 cards per card region 4096
 CPUs: 4 total, 4 available
 Memory: 3928M
 Large Page Support: Disabled
 NUMA Support: Disabled
 Compressed Oops: Enabled (Zero based)
 Heap Region Size: 2M
 Heap Min Capacity: 8M
 Heap Initial Capacity: 62M
 Heap Max Capacity: 4G
 Pre-touch: Disabled
 Parallel Workers: 4
 Concurrent Workers: 1
 Concurrent Refinement Workers: 4
 Periodic GC: Disabled

Heap:
 garbage-first heap   total 96256K, used 61627K [0x0000000700000000, 0x0000000800000000)
  region size 2048K, 3 young (6144K), 2 survivors (4096K)
 Metaspace       used 73595K, committed 75456K, reserved 1114112K
  class space    used 10231K, committed 11136K, reserved 1048576K

Heap Regions: E=young(eden), S=young(survivor), O=old, HS=humongous(starts), HC=humongous(continues), CS=collection set, F=free, TAMS=top-at-mark-start, PB=parsable bottom
|   0|0x0000000700000000, 0x0000000700200000, 0x0000000700200000|100%|HS|  |TAMS 0x0000000700000000| PB 0x0000000700000000| Complete 
|   1|0x0000000700200000, 0x0000000700400000, 0x0000000700400000|100%|HC|  |TAMS 0x0000000700200000| PB 0x0000000700200000| Complete 
|   2|0x0000000700400000, 0x0000000700600000, 0x0000000700600000|100%| O|  |TAMS 0x0000000700400000| PB 0x0000000700400000| Untracked 
|   3|0x0000000700600000, 0x0000000700800000, 0x0000000700800000|100%| O|  |TAMS 0x0000000700600000| PB 0x0000000700600000| Untracked 
|   4|0x0000000700800000, 0x0000000700a00000, 0x0000000700a00000|100%| O|  |TAMS 0x0000000700800000| PB 0x0000000700800000| Untracked 
|   5|0x0000000700a00000, 0x0000000700c00000, 0x0000000700c00000|100%| O|  |TAMS 0x0000000700a00000| PB 0x0000000700a00000| Untracked 
|   6|0x0000000700c00000, 0x0000000700e00000, 0x0000000700e00000|100%| O|  |TAMS 0x0000000700c00000| PB 0x0000000700c00000| Untracked 
|   7|0x0000000700e00000, 0x0000000701000000, 0x0000000701000000|100%| O|  |TAMS 0x0000000700e00000| PB 0x0000000700e00000| Untracked 
|   8|0x0000000701000000, 0x0000000701200000, 0x0000000701200000|100%| O|  |TAMS 0x0000000701000000| PB 0x0000000701000000| Untracked 
|   9|0x0000000701200000, 0x0000000701400000, 0x0000000701400000|100%| O|  |TAMS 0x0000000701200000| PB 0x0000000701200000| Untracked 
|  10|0x0000000701400000, 0x0000000701600000, 0x0000000701600000|100%| O|  |TAMS 0x0000000701400000| PB 0x0000000701400000| Untracked 
|  11|0x0000000701600000, 0x0000000701800000, 0x0000000701800000|100%| O|  |TAMS 0x0000000701600000| PB 0x0000000701600000| Untracked 
|  12|0x0000000701800000, 0x0000000701a00000, 0x0000000701a00000|100%| O|  |TAMS 0x0000000701800000| PB 0x0000000701800000| Untracked 
|  13|0x0000000701a00000, 0x0000000701c00000, 0x0000000701c00000|100%| O|  |TAMS 0x0000000701a00000| PB 0x0000000701a00000| Untracked 
|  14|0x0000000701c00000, 0x0000000701e00000, 0x0000000701e00000|100%| O|  |TAMS 0x0000000701c00000| PB 0x0000000701c00000| Untracked 
|  15|0x0000000701e00000, 0x0000000702000000, 0x0000000702000000|100%| O|  |TAMS 0x0000000701e00000| PB 0x0000000701e00000| Untracked 
|  16|0x0000000702000000, 0x0000000702200000, 0x0000000702200000|100%| O|  |TAMS 0x0000000702000000| PB 0x0000000702000000| Untracked 
|  17|0x0000000702200000, 0x0000000702400000, 0x0000000702400000|100%| O|  |TAMS 0x0000000702200000| PB 0x0000000702200000| Untracked 
|  18|0x0000000702400000, 0x0000000702600000, 0x0000000702600000|100%| O|  |TAMS 0x0000000702400000| PB 0x0000000702400000| Untracked 
|  19|0x0000000702600000, 0x0000000702800000, 0x0000000702800000|100%| O|  |TAMS 0x0000000702600000| PB 0x0000000702600000| Untracked 
|  20|0x0000000702800000, 0x0000000702a00000, 0x0000000702a00000|100%| O|Cm|TAMS 0x0000000702800000| PB 0x0000000702800000| Complete 
|  21|0x0000000702a00000, 0x0000000702c00000, 0x0000000702c00000|100%| O|  |TAMS 0x0000000702a00000| PB 0x0000000702a00000| Untracked 
|  22|0x0000000702c00000, 0x0000000702e00000, 0x0000000702e00000|100%| O|  |TAMS 0x0000000702c00000| PB 0x0000000702c00000| Untracked 
|  23|0x0000000702e00000, 0x0000000703000000, 0x0000000703000000|100%|HS|  |TAMS 0x0000000702e00000| PB 0x0000000702e00000| Complete 
|  24|0x0000000703000000, 0x0000000703200000, 0x0000000703200000|100%|HS|  |TAMS 0x0000000703000000| PB 0x0000000703000000| Complete 
|  25|0x0000000703200000, 0x0000000703400000, 0x0000000703400000|100%|HC|  |TAMS 0x0000000703200000| PB 0x0000000703200000| Complete 
|  26|0x0000000703400000, 0x0000000703600000, 0x0000000703600000|100%| O|  |TAMS 0x0000000703400000| PB 0x0000000703400000| Untracked 
|  27|0x0000000703600000, 0x0000000703800000, 0x0000000703800000|100%| O|  |TAMS 0x0000000703600000| PB 0x0000000703600000| Untracked 
|  28|0x0000000703800000, 0x000000070382ef40, 0x0000000703a00000|  9%| O|  |TAMS 0x0000000703800000| PB 0x0000000703800000| Untracked 
|  29|0x0000000703a00000, 0x0000000703a00000, 0x0000000703c00000|  0%| F|  |TAMS 0x0000000703a00000| PB 0x0000000703a00000| Untracked 
|  30|0x0000000703c00000, 0x0000000703c00000, 0x0000000703e00000|  0%| F|  |TAMS 0x0000000703c00000| PB 0x0000000703c00000| Untracked 
|  31|0x0000000703e00000, 0x0000000703e00000, 0x0000000704000000|  0%| F|  |TAMS 0x0000000703e00000| PB 0x0000000703e00000| Untracked 
|  32|0x0000000704000000, 0x0000000704000000, 0x0000000704200000|  0%| F|  |TAMS 0x0000000704000000| PB 0x0000000704000000| Untracked 
|  33|0x0000000704200000, 0x0000000704200000, 0x0000000704400000|  0%| F|  |TAMS 0x0000000704200000| PB 0x0000000704200000| Untracked 
|  34|0x0000000704400000, 0x0000000704400000, 0x0000000704600000|  0%| F|  |TAMS 0x0000000704400000| PB 0x0000000704400000| Untracked 
|  35|0x0000000704600000, 0x0000000704600000, 0x0000000704800000|  0%| F|  |TAMS 0x0000000704600000| PB 0x0000000704600000| Untracked 
|  36|0x0000000704800000, 0x0000000704a00000, 0x0000000704a00000|100%| S|CS|TAMS 0x0000000704800000| PB 0x0000000704800000| Complete 
|  37|0x0000000704a00000, 0x0000000704a00000, 0x0000000704c00000|  0%| F|  |TAMS 0x0000000704a00000| PB 0x0000000704a00000| Untracked 
|  38|0x0000000704c00000, 0x0000000704c00000, 0x0000000704e00000|  0%| F|  |TAMS 0x0000000704c00000| PB 0x0000000704c00000| Untracked 
|  39|0x0000000704e00000, 0x0000000705000000, 0x0000000705000000|100%| S|CS|TAMS 0x0000000704e00000| PB 0x0000000704e00000| Complete 
|  40|0x0000000705000000, 0x0000000705000000, 0x0000000705200000|  0%| F|  |TAMS 0x0000000705000000| PB 0x0000000705000000| Untracked 
|  41|0x0000000705200000, 0x0000000705200000, 0x0000000705400000|  0%| F|  |TAMS 0x0000000705200000| PB 0x0000000705200000| Untracked 
|  42|0x0000000705400000, 0x0000000705400000, 0x0000000705600000|  0%| F|  |TAMS 0x0000000705400000| PB 0x0000000705400000| Untracked 
|  43|0x0000000705600000, 0x0000000705600000, 0x0000000705800000|  0%| F|  |TAMS 0x0000000705600000| PB 0x0000000705600000| Untracked 
|  44|0x0000000705800000, 0x0000000705800000, 0x0000000705a00000|  0%| F|  |TAMS 0x0000000705800000| PB 0x0000000705800000| Untracked 
|  45|0x0000000705a00000, 0x0000000705a00000, 0x0000000705c00000|  0%| F|  |TAMS 0x0000000705a00000| PB 0x0000000705a00000| Untracked 
|  46|0x0000000705c00000, 0x0000000705d77b60, 0x0000000705e00000| 73%| E|  |TAMS 0x0000000705c00000| PB 0x0000000705c00000| Complete 

Card table byte_map: [0x000001e5c78a0000,0x000001e5c80a0000] _byte_map_base: 0x000001e5c40a0000

Marking Bits: (CMBitMap*) 0x000001e5b4fc2bc0
 Bits: [0x000001e5c80a0000, 0x000001e5cc0a0000)

Polling page: 0x000001e5b4720000

Metaspace:

Usage:
  Non-class:     61.88 MB used.
      Class:      9.99 MB used.
       Both:     71.88 MB used.

Virtual space:
  Non-class space:       64.00 MB reserved,      62.81 MB ( 98%) committed,  1 nodes.
      Class space:        1.00 GB reserved,      10.88 MB (  1%) committed,  1 nodes.
             Both:        1.06 GB reserved,      73.69 MB (  7%) committed. 

Chunk freelists:
   Non-Class:  752.00 KB
       Class:  5.10 MB
        Both:  5.84 MB

MaxMetaspaceSize: 2.00 GB
CompressedClassSpaceSize: 1.00 GB
Initial GC threshold: 21.00 MB
Current GC threshold: 121.88 MB
CDS: off
 - commit_granule_bytes: 65536.
 - commit_granule_words: 8192.
 - virtual_space_node_default_size: 8388608.
 - enlarge_chunks_in_place: 1.
 - use_allocation_guard: 0.


Internal statistics:

num_allocs_failed_limit: 6.
num_arena_births: 3324.
num_arena_deaths: 0.
num_vsnodes_births: 2.
num_vsnodes_deaths: 0.
num_space_committed: 1179.
num_space_uncommitted: 0.
num_chunks_returned_to_freelist: 6.
num_chunks_taken_from_freelist: 6279.
num_chunk_merges: 6.
num_chunk_splits: 4098.
num_chunks_enlarged: 2568.
num_inconsistent_stats: 0.

CodeHeap 'non-profiled nmethods': size=120000Kb used=3553Kb max_used=3553Kb free=116446Kb
 bounds [0x000001e5bfb70000, 0x000001e5bfef0000, 0x000001e5c70a0000]
CodeHeap 'profiled nmethods': size=120000Kb used=12850Kb max_used=12850Kb free=107149Kb
 bounds [0x000001e5b80a0000, 0x000001e5b8d30000, 0x000001e5bf5d0000]
CodeHeap 'non-nmethods': size=5760Kb used=2763Kb max_used=2829Kb free=2997Kb
 bounds [0x000001e5bf5d0000, 0x000001e5bf8a0000, 0x000001e5bfb70000]
 total_blobs=7769 nmethods=6868 adapters=804
 compilation: enabled
              stopped_count=0, restarted_count=0
 full_count=0

Compilation events (20 events):
Event: 48.963 Thread 0x000001e5ce83d5b0 7962       3       java.beans.PropertyDescriptor::setReadMethod0 (49 bytes)
Event: 48.965 Thread 0x000001e5ce83d5b0 nmethod 7962 0x000001e5b8d10310 code [0x000001e5b8d106e0, 0x000001e5b8d12378]
Event: 48.966 Thread 0x000001e5ce83d5b0 7963       3       java.beans.PropertyDescriptor::setWriteMethod0 (49 bytes)
Event: 48.967 Thread 0x000001e5ce83d5b0 nmethod 7963 0x000001e5b8d12b10 code [0x000001e5b8d12ee0, 0x000001e5b8d14b78]
Event: 48.974 Thread 0x000001e5ce83d5b0 7964       3       java.lang.invoke.Invokers$Holder::invokeExact_MT (22 bytes)
Event: 48.974 Thread 0x000001e5ce83d5b0 nmethod 7964 0x000001e5b813fe10 code [0x000001e5b8140020, 0x000001e5b81406a8]
Event: 48.975 Thread 0x000001e5ce83d5b0 7965       3       groovyjarjarasm.asm.Label::resolve (219 bytes)
Event: 48.975 Thread 0x000001e5ce83d5b0 nmethod 7965 0x000001e5b8444c10 code [0x000001e5b8444e00, 0x000001e5b8445310]
Event: 48.984 Thread 0x000001e5ce83d5b0 7966       3       groovyjarjarasm.asm.Frame::getAbstractTypeFromDescriptor (462 bytes)
Event: 48.987 Thread 0x000001e5ce83d5b0 nmethod 7966 0x000001e5b8d15310 code [0x000001e5b8d15800, 0x000001e5b8d17e70]
Event: 48.987 Thread 0x000001e5ce83d5b0 7967       3       groovyjarjarasm.asm.Label::getCanonicalInstance (19 bytes)
Event: 48.987 Thread 0x000001e5ce83d5b0 nmethod 7967 0x000001e5b84c8f10 code [0x000001e5b84c90c0, 0x000001e5b84c9230]
Event: 48.997 Thread 0x000001e5ce83d5b0 7968       3       groovy.lang.MetaClassImpl::inheritInterfaceNewMetaMethods (195 bytes)
Event: 48.999 Thread 0x000001e5ce83d5b0 nmethod 7968 0x000001e5b8d18c10 code [0x000001e5b8d18f20, 0x000001e5b8d1a238]
Event: 49.003 Thread 0x000001e5ce83d5b0 7969       3       sun.reflect.generics.parser.SignatureParser::parseFormalTypeParameters (119 bytes)
Event: 49.005 Thread 0x000001e5ce83d5b0 nmethod 7969 0x000001e5b8d1a890 code [0x000001e5b8d1ac40, 0x000001e5b8d1c520]
Event: 49.006 Thread 0x000001e5ce83d5b0 7970       3       org.codehaus.groovy.reflection.CachedField::isStatic (8 bytes)
Event: 49.006 Thread 0x000001e5ce83d5b0 nmethod 7970 0x000001e5b850e390 code [0x000001e5b850e540, 0x000001e5b850e788]
Event: 49.007 Thread 0x000001e5ce83d5b0 7971       3       java.lang.invoke.MethodHandle::asSpreader (68 bytes)
Event: 49.009 Thread 0x000001e5ce83d5b0 nmethod 7971 0x000001e5b8d1cd90 code [0x000001e5b8d1d020, 0x000001e5b8d1dbe8]

GC Heap History (20 events):
Event: 41.208 GC heap before
{Heap before GC invocations=21 (full 0):
 garbage-first heap   total 65536K, used 54226K [0x0000000700000000, 0x0000000800000000)
  region size 2048K, 11 young (22528K), 2 survivors (4096K)
 Metaspace       used 58166K, committed 59776K, reserved 1114112K
  class space    used 7971K, committed 8768K, reserved 1048576K
}
Event: 41.219 GC heap after
{Heap after GC invocations=22 (full 0):
 garbage-first heap   total 65536K, used 37096K [0x0000000700000000, 0x0000000800000000)
  region size 2048K, 2 young (4096K), 2 survivors (4096K)
 Metaspace       used 58166K, committed 59776K, reserved 1114112K
  class space    used 7971K, committed 8768K, reserved 1048576K
}
Event: 42.312 GC heap before
{Heap before GC invocations=23 (full 0):
 garbage-first heap   total 69632K, used 53480K [0x0000000700000000, 0x0000000800000000)
  region size 2048K, 10 young (20480K), 2 survivors (4096K)
 Metaspace       used 59825K, committed 61504K, reserved 1114112K
  class space    used 8244K, committed 9024K, reserved 1048576K
}
Event: 42.331 GC heap after
{Heap after GC invocations=24 (full 0):
 garbage-first heap   total 69632K, used 37871K [0x0000000700000000, 0x0000000800000000)
  region size 2048K, 2 young (4096K), 2 survivors (4096K)
 Metaspace       used 59825K, committed 61504K, reserved 1114112K
  class space    used 8244K, committed 9024K, reserved 1048576K
}
Event: 43.441 GC heap before
{Heap before GC invocations=24 (full 0):
 garbage-first heap   total 69632K, used 56303K [0x0000000700000000, 0x0000000800000000)
  region size 2048K, 11 young (22528K), 2 survivors (4096K)
 Metaspace       used 62173K, committed 63808K, reserved 1114112K
  class space    used 8567K, committed 9344K, reserved 1048576K
}
Event: 43.451 GC heap after
{Heap after GC invocations=25 (full 0):
 garbage-first heap   total 69632K, used 38142K [0x0000000700000000, 0x0000000800000000)
  region size 2048K, 2 young (4096K), 2 survivors (4096K)
 Metaspace       used 62173K, committed 63808K, reserved 1114112K
  class space    used 8567K, committed 9344K, reserved 1048576K
}
Event: 44.099 GC heap before
{Heap before GC invocations=25 (full 0):
 garbage-first heap   total 69632K, used 54526K [0x0000000700000000, 0x0000000800000000)
  region size 2048K, 11 young (22528K), 2 survivors (4096K)
 Metaspace       used 64674K, committed 66432K, reserved 1114112K
  class space    used 8895K, committed 9792K, reserved 1048576K
}
Event: 44.110 GC heap after
{Heap after GC invocations=26 (full 0):
 garbage-first heap   total 69632K, used 39013K [0x0000000700000000, 0x0000000800000000)
  region size 2048K, 2 young (4096K), 2 survivors (4096K)
 Metaspace       used 64674K, committed 66432K, reserved 1114112K
  class space    used 8895K, committed 9792K, reserved 1048576K
}
Event: 44.931 GC heap before
{Heap before GC invocations=27 (full 0):
 garbage-first heap   total 71680K, used 55397K [0x0000000700000000, 0x0000000800000000)
  region size 2048K, 11 young (22528K), 2 survivors (4096K)
 Metaspace       used 66670K, committed 68416K, reserved 1114112K
  class space    used 9155K, committed 10048K, reserved 1048576K
}
Event: 44.938 GC heap after
{Heap after GC invocations=28 (full 0):
 garbage-first heap   total 71680K, used 39809K [0x0000000700000000, 0x0000000800000000)
  region size 2048K, 2 young (4096K), 2 survivors (4096K)
 Metaspace       used 66670K, committed 68416K, reserved 1114112K
  class space    used 9155K, committed 10048K, reserved 1048576K
}
Event: 45.392 GC heap before
{Heap before GC invocations=28 (full 0):
 garbage-first heap   total 71680K, used 58241K [0x0000000700000000, 0x0000000800000000)
  region size 2048K, 11 young (22528K), 2 survivors (4096K)
 Metaspace       used 68814K, committed 70528K, reserved 1114112K
  class space    used 9501K, committed 10368K, reserved 1048576K
}
Event: 45.399 GC heap after
{Heap after GC invocations=29 (full 0):
 garbage-first heap   total 71680K, used 40923K [0x0000000700000000, 0x0000000800000000)
  region size 2048K, 2 young (4096K), 2 survivors (4096K)
 Metaspace       used 68814K, committed 70528K, reserved 1114112K
  class space    used 9501K, committed 10368K, reserved 1048576K
}
Event: 45.933 GC heap before
{Heap before GC invocations=30 (full 0):
 garbage-first heap   total 79872K, used 59355K [0x0000000700000000, 0x0000000800000000)
  region size 2048K, 11 young (22528K), 2 survivors (4096K)
 Metaspace       used 70538K, committed 72256K, reserved 1114112K
  class space    used 9806K, committed 10688K, reserved 1048576K
}
Event: 45.946 GC heap after
{Heap after GC invocations=31 (full 0):
 garbage-first heap   total 79872K, used 42145K [0x0000000700000000, 0x0000000800000000)
  region size 2048K, 2 young (4096K), 2 survivors (4096K)
 Metaspace       used 70538K, committed 72256K, reserved 1114112K
  class space    used 9806K, committed 10688K, reserved 1048576K
}
Event: 47.370 GC heap before
{Heap before GC invocations=31 (full 0):
 garbage-first heap   total 79872K, used 64673K [0x0000000700000000, 0x0000000800000000)
  region size 2048K, 14 young (28672K), 2 survivors (4096K)
 Metaspace       used 72771K, committed 74496K, reserved 1114112K
  class space    used 10154K, committed 11008K, reserved 1048576K
}
Event: 47.389 GC heap after
{Heap after GC invocations=32 (full 0):
 garbage-first heap   total 79872K, used 44937K [0x0000000700000000, 0x0000000800000000)
  region size 2048K, 2 young (4096K), 2 survivors (4096K)
 Metaspace       used 72771K, committed 74496K, reserved 1114112K
  class space    used 10154K, committed 11008K, reserved 1048576K
}
Event: 47.999 GC heap before
{Heap before GC invocations=32 (full 0):
 garbage-first heap   total 79872K, used 57225K [0x0000000700000000, 0x0000000800000000)
  region size 2048K, 10 young (20480K), 2 survivors (4096K)
 Metaspace       used 73072K, committed 74880K, reserved 1114112K
  class space    used 10165K, committed 11072K, reserved 1048576K
}
Event: 48.010 GC heap after
{Heap after GC invocations=33 (full 0):
 garbage-first heap   total 79872K, used 47436K [0x0000000700000000, 0x0000000800000000)
  region size 2048K, 2 young (4096K), 2 survivors (4096K)
 Metaspace       used 73072K, committed 74880K, reserved 1114112K
  class space    used 10165K, committed 11072K, reserved 1048576K
}
Event: 49.040 GC heap before
{Heap before GC invocations=34 (full 0):
 garbage-first heap   total 96256K, used 69964K [0x0000000700000000, 0x0000000800000000)
  region size 2048K, 11 young (22528K), 2 survivors (4096K)
 Metaspace       used 73562K, committed 75392K, reserved 1114112K
  class space    used 10226K, committed 11136K, reserved 1048576K
}
Event: 49.047 GC heap after
{Heap after GC invocations=35 (full 0):
 garbage-first heap   total 96256K, used 61627K [0x0000000700000000, 0x0000000800000000)
  region size 2048K, 2 young (4096K), 2 survivors (4096K)
 Metaspace       used 73562K, committed 75392K, reserved 1114112K
  class space    used 10226K, committed 11136K, reserved 1048576K
}

Dll operation events (3 events):
Event: 0.043 Loaded shared library C:\Program Files\Android\Android Studio\jbr\bin\java.dll
Event: 0.056 Loaded shared library C:\Program Files\Android\Android Studio\jbr\bin\zip.dll
Event: 2.383 Loaded shared library C:\Program Files\Android\Android Studio\jbr\bin\verify.dll

Deoptimization events (20 events):
Event: 48.026 Thread 0x000001e5d3b89620 DEOPT PACKING pc=0x000001e5b81874df sp=0x0000008de3ef70c0
Event: 48.026 Thread 0x000001e5d3b89620 DEOPT UNPACKING pc=0x000001e5bf624e42 sp=0x0000008de3ef6548 mode 0
Event: 48.417 Thread 0x000001e5d3b89620 DEOPT PACKING pc=0x000001e5b8ce888d sp=0x0000008de3ef7030
Event: 48.417 Thread 0x000001e5d3b89620 DEOPT UNPACKING pc=0x000001e5bf624e42 sp=0x0000008de3ef65a0 mode 0
Event: 48.887 Thread 0x000001e5d3b89620 Uncommon trap: trap_request=0xffffffcc fr.pc=0x000001e5bfee6510 relative=0x0000000000000250
Event: 48.887 Thread 0x000001e5d3b89620 Uncommon trap: reason=intrinsic_or_type_checked_inlining action=make_not_entrant pc=0x000001e5bfee6510 method=java.util.ArrayList.toArray([Ljava/lang/Object;)[Ljava/lang/Object; @ 36 c2
Event: 48.887 Thread 0x000001e5d3b89620 DEOPT PACKING pc=0x000001e5bfee6510 sp=0x0000008de3ef8950
Event: 48.887 Thread 0x000001e5d3b89620 DEOPT UNPACKING pc=0x000001e5bf6246a2 sp=0x0000008de3ef8900 mode 2
Event: 48.924 Thread 0x000001e5d3b89620 Uncommon trap: trap_request=0xffffffc6 fr.pc=0x000001e5bfdf73c4 relative=0x00000000000005a4
Event: 48.925 Thread 0x000001e5d3b89620 Uncommon trap: reason=bimorphic_or_optimized_type_check action=maybe_recompile pc=0x000001e5bfdf73c4 method=java.util.regex.Matcher.search(I)Z @ 121 c2
Event: 48.925 Thread 0x000001e5d3b89620 DEOPT PACKING pc=0x000001e5bfdf73c4 sp=0x0000008de3ef81a0
Event: 48.925 Thread 0x000001e5d3b89620 DEOPT UNPACKING pc=0x000001e5bf6246a2 sp=0x0000008de3ef8150 mode 2
Event: 49.029 Thread 0x000001e5d3b89620 Uncommon trap: trap_request=0xffffff45 fr.pc=0x000001e5bfd95ec8 relative=0x0000000000000108
Event: 49.029 Thread 0x000001e5d3b89620 Uncommon trap: reason=unstable_if action=reinterpret pc=0x000001e5bfd95ec8 method=java.io.WinNTFileSystem.normalize(Ljava/lang/String;)Ljava/lang/String; @ 74 c2
Event: 49.029 Thread 0x000001e5d3b89620 DEOPT PACKING pc=0x000001e5bfd95ec8 sp=0x0000008de3ef7f90
Event: 49.029 Thread 0x000001e5d3b89620 DEOPT UNPACKING pc=0x000001e5bf6246a2 sp=0x0000008de3ef7f68 mode 2
Event: 49.029 Thread 0x000001e5d3b89620 Uncommon trap: trap_request=0xffffff45 fr.pc=0x000001e5bfbc1af0 relative=0x0000000000001350
Event: 49.029 Thread 0x000001e5d3b89620 Uncommon trap: reason=unstable_if action=reinterpret pc=0x000001e5bfbc1af0 method=java.io.WinNTFileSystem.normalize(Ljava/lang/String;II)Ljava/lang/String; @ 100 c2
Event: 49.029 Thread 0x000001e5d3b89620 DEOPT PACKING pc=0x000001e5bfbc1af0 sp=0x0000008de3ef7ee0
Event: 49.029 Thread 0x000001e5d3b89620 DEOPT UNPACKING pc=0x000001e5bf6246a2 sp=0x0000008de3ef7ec8 mode 2

Classes loaded (20 events):
Event: 48.951 Loading class java/util/AbstractListBeanInfo
Event: 48.951 Loading class java/util/AbstractListBeanInfo done
Event: 48.951 Loading class java/util/AbstractListBeanInfo
Event: 48.951 Loading class java/util/AbstractListBeanInfo done
Event: 48.951 Loading class java/util/AbstractListCustomizer
Event: 48.951 Loading class java/util/AbstractListCustomizer done
Event: 48.952 Loading class java/util/AbstractListCustomizer
Event: 48.952 Loading class java/util/AbstractListCustomizer done
Event: 48.958 Loading class java/util/ArrayListCustomizer
Event: 48.958 Loading class java/util/ArrayListCustomizer done
Event: 48.958 Loading class java/util/ArrayListCustomizer
Event: 48.959 Loading class java/util/ArrayListCustomizer done
Event: 49.000 Loading class java/lang/StringBeanInfo
Event: 49.000 Loading class java/lang/StringBeanInfo done
Event: 49.000 Loading class java/lang/StringBeanInfo
Event: 49.000 Loading class java/lang/StringBeanInfo done
Event: 49.001 Loading class java/lang/StringCustomizer
Event: 49.001 Loading class java/lang/StringCustomizer done
Event: 49.001 Loading class java/lang/StringCustomizer
Event: 49.001 Loading class java/lang/StringCustomizer done

Classes unloaded (0 events):
No events

Classes redefined (0 events):
No events

Internal exceptions (20 events):
Event: 48.746 Thread 0x000001e5d3b89620 Exception <a 'java/lang/ClassNotFoundException'{0x00000007056d4d08}: java/nio/file/PathsBeanInfo> (0x00000007056d4d08) 
thrown [s\src\hotspot\share\classfile\systemDictionary.cpp, line 312]
Event: 48.747 Thread 0x000001e5d3b89620 Exception <a 'java/lang/ClassNotFoundException'{0x00000007056db3a0}: java/nio/file/PathsCustomizer> (0x00000007056db3a0) 
thrown [s\src\hotspot\share\classfile\systemDictionary.cpp, line 312]
Event: 48.755 Thread 0x000001e5d3b89620 Exception <a 'java/lang/ClassNotFoundException'{0x00000007057196c0}: org/gradle/api/internal/plugins/DefaultObjectConfigurationActionBeanInfo> (0x00000007057196c0) 
thrown [s\src\hotspot\share\classfile\systemDictionary.cpp, line 312]
Event: 48.756 Thread 0x000001e5d3b89620 Exception <a 'java/lang/ClassNotFoundException'{0x0000000705729d88}: org/gradle/api/internal/plugins/DefaultObjectConfigurationActionCustomizer> (0x0000000705729d88) 
thrown [s\src\hotspot\share\classfile\systemDictionary.cpp, line 312]
Event: 48.827 Thread 0x000001e5d3b89620 Exception <a 'java/lang/ClassNotFoundException'{0x00000007057ef238}: native_plugin_loader_2pjb08zztxhd7k4ubjyoroyavBeanInfo> (0x00000007057ef238) 
thrown [s\src\hotspot\share\classfile\systemDictionary.cpp, line 312]
Event: 48.828 Thread 0x000001e5d3b89620 Exception <a 'java/lang/ClassNotFoundException'{0x00000007057f80e8}: native_plugin_loader_2pjb08zztxhd7k4ubjyoroyavCustomizer> (0x00000007057f80e8) 
thrown [s\src\hotspot\share\classfile\systemDictionary.cpp, line 312]
Event: 48.838 Thread 0x000001e5d3b89620 Exception <a 'java/lang/ClassNotFoundException'{0x0000000705438558}: NativePluginLoaderBeanInfo> (0x0000000705438558) 
thrown [s\src\hotspot\share\classfile\systemDictionary.cpp, line 312]
Event: 48.838 Thread 0x000001e5d3b89620 Exception <a 'java/lang/ClassNotFoundException'{0x0000000705441ae8}: NativePluginLoaderCustomizer> (0x0000000705441ae8) 
thrown [s\src\hotspot\share\classfile\systemDictionary.cpp, line 312]
Event: 48.856 Thread 0x000001e5d3b89620 Exception <a 'java/lang/ClassNotFoundException'{0x000000070549a548}: groovy/json/JsonSlurperBeanInfo> (0x000000070549a548) 
thrown [s\src\hotspot\share\classfile\systemDictionary.cpp, line 312]
Event: 48.857 Thread 0x000001e5d3b89620 Exception <a 'java/lang/ClassNotFoundException'{0x00000007054aaab0}: groovy/json/JsonSlurperCustomizer> (0x00000007054aaab0) 
thrown [s\src\hotspot\share\classfile\systemDictionary.cpp, line 312]
Event: 48.890 Thread 0x000001e5d3b89620 Exception <a 'java/lang/ClassNotFoundException'{0x00000007055a6788}: org/apache/groovy/json/internal/LazyMapBeanInfo> (0x00000007055a6788) 
thrown [s\src\hotspot\share\classfile\systemDictionary.cpp, line 312]
Event: 48.890 Thread 0x000001e5d3b89620 Exception <a 'java/lang/ClassNotFoundException'{0x00000007055ace50}: java/util/AbstractMapBeanInfo> (0x00000007055ace50) 
thrown [s\src\hotspot\share\classfile\systemDictionary.cpp, line 312]
Event: 48.891 Thread 0x000001e5d3b89620 Exception <a 'java/lang/ClassNotFoundException'{0x00000007055b3540}: java/util/AbstractMapCustomizer> (0x00000007055b3540) 
thrown [s\src\hotspot\share\classfile\systemDictionary.cpp, line 312]
Event: 48.895 Thread 0x000001e5d3b89620 Exception <a 'java/lang/ClassNotFoundException'{0x00000007055f3c68}: org/apache/groovy/json/internal/LazyMapCustomizer> (0x00000007055f3c68) 
thrown [s\src\hotspot\share\classfile\systemDictionary.cpp, line 312]
Event: 48.951 Thread 0x000001e5d3b89620 Exception <a 'java/lang/ClassNotFoundException'{0x00000007053d2240}: java/util/ArrayListBeanInfo> (0x00000007053d2240) 
thrown [s\src\hotspot\share\classfile\systemDictionary.cpp, line 312]
Event: 48.951 Thread 0x000001e5d3b89620 Exception <a 'java/lang/ClassNotFoundException'{0x00000007053d8928}: java/util/AbstractListBeanInfo> (0x00000007053d8928) 
thrown [s\src\hotspot\share\classfile\systemDictionary.cpp, line 312]
Event: 48.952 Thread 0x000001e5d3b89620 Exception <a 'java/lang/ClassNotFoundException'{0x00000007053df018}: java/util/AbstractListCustomizer> (0x00000007053df018) 
thrown [s\src\hotspot\share\classfile\systemDictionary.cpp, line 312]
Event: 48.959 Thread 0x000001e5d3b89620 Exception <a 'java/lang/ClassNotFoundException'{0x00000007050112e8}: java/util/ArrayListCustomizer> (0x00000007050112e8) 
thrown [s\src\hotspot\share\classfile\systemDictionary.cpp, line 312]
Event: 49.001 Thread 0x000001e5d3b89620 Exception <a 'java/lang/ClassNotFoundException'{0x00000007051b6100}: java/lang/StringBeanInfo> (0x00000007051b6100) 
thrown [s\src\hotspot\share\classfile\systemDictionary.cpp, line 312]
Event: 49.001 Thread 0x000001e5d3b89620 Exception <a 'java/lang/ClassNotFoundException'{0x00000007051bcfa0}: java/lang/StringCustomizer> (0x00000007051bcfa0) 
thrown [s\src\hotspot\share\classfile\systemDictionary.cpp, line 312]

ZGC Phase Switch (0 events):
No events

VM Operations (20 events):
Event: 47.215 Executing VM operation: ICBufferFull
Event: 47.215 Executing VM operation: ICBufferFull done
Event: 47.337 Executing VM operation: HandshakeAllThreads (Deoptimize)
Event: 47.337 Executing VM operation: HandshakeAllThreads (Deoptimize) done
Event: 47.370 Executing VM operation: G1CollectForAllocation (G1 Evacuation Pause)
Event: 47.389 Executing VM operation: G1CollectForAllocation (G1 Evacuation Pause) done
Event: 47.980 Executing VM operation: ICBufferFull
Event: 47.980 Executing VM operation: ICBufferFull done
Event: 47.999 Executing VM operation: G1TryInitiateConcMark (G1 Humongous Allocation)
Event: 48.010 Executing VM operation: G1TryInitiateConcMark (G1 Humongous Allocation) done
Event: 48.128 Executing VM operation: G1PauseRemark
Event: 48.135 Executing VM operation: G1PauseRemark done
Event: 48.174 Executing VM operation: G1PauseCleanup
Event: 48.174 Executing VM operation: G1PauseCleanup done
Event: 48.721 Executing VM operation: HandshakeAllThreads (Deoptimize)
Event: 48.721 Executing VM operation: HandshakeAllThreads (Deoptimize) done
Event: 48.862 Executing VM operation: HandshakeAllThreads (Deoptimize)
Event: 48.862 Executing VM operation: HandshakeAllThreads (Deoptimize) done
Event: 49.040 Executing VM operation: G1CollectForAllocation (G1 Evacuation Pause)
Event: 49.047 Executing VM operation: G1CollectForAllocation (G1 Evacuation Pause) done

Events (20 events):
Event: 48.134 Thread 0x000001e5ce54d820 flushing nmethod 0x000001e5b82c6690
Event: 48.134 Thread 0x000001e5ce54d820 flushing nmethod 0x000001e5b82aba10
Event: 48.134 Thread 0x000001e5ce54d820 flushing nmethod 0x000001e5b82a9d90
Event: 48.134 Thread 0x000001e5ce54d820 flushing nmethod 0x000001e5b8205910
Event: 48.134 Thread 0x000001e5ce54d820 flushing nmethod 0x000001e5b8202010
Event: 48.134 Thread 0x000001e5ce54d820 flushing nmethod 0x000001e5b81ca510
Event: 48.134 Thread 0x000001e5ce54d820 flushing nmethod 0x000001e5b81c9210
Event: 48.134 Thread 0x000001e5ce54d820 flushing nmethod 0x000001e5b817ca90
Event: 48.134 Thread 0x000001e5ce54d820 flushing nmethod 0x000001e5b8167690
Event: 48.134 Thread 0x000001e5ce54d820 flushing nmethod 0x000001e5b813f610
Event: 48.134 Thread 0x000001e5ce54d820 flushing nmethod 0x000001e5b813d390
Event: 48.134 Thread 0x000001e5ce54d820 flushing nmethod 0x000001e5b8131b90
Event: 48.134 Thread 0x000001e5ce54d820 flushing nmethod 0x000001e5b8117b90
Event: 48.134 Thread 0x000001e5ce54d820 flushing nmethod 0x000001e5b8115d90
Event: 48.134 Thread 0x000001e5ce54d820 flushing nmethod 0x000001e5b80f0310
Event: 48.134 Thread 0x000001e5ce54d820 flushing nmethod 0x000001e5b80d2110
Event: 48.134 Thread 0x000001e5ce54d820 flushing nmethod 0x000001e5bfde6890
Event: 48.134 Thread 0x000001e5ce54d820 flushing nmethod 0x000001e5bfd65390
Event: 48.134 Thread 0x000001e5ce54d820 flushing nmethod 0x000001e5bfc88990
Event: 48.134 Thread 0x000001e5ce54d820 flushing nmethod 0x000001e5bfb8bf10


Dynamic libraries:
0x00007ff678650000 - 0x00007ff67865a000 	C:\Program Files\Android\Android Studio\jbr\bin\java.exe
0x00007ffeba590000 - 0x00007ffeba7a7000 	C:\WINDOWS\SYSTEM32\ntdll.dll
0x00007ffeb9b80000 - 0x00007ffeb9c44000 	C:\WINDOWS\System32\KERNEL32.DLL
0x00007ffeb7ad0000 - 0x00007ffeb7e8a000 	C:\WINDOWS\System32\KERNELBASE.dll
0x00007ffeb7860000 - 0x00007ffeb7971000 	C:\WINDOWS\System32\ucrtbase.dll
0x00007ffea5f30000 - 0x00007ffea5f48000 	C:\Program Files\Android\Android Studio\jbr\bin\jli.dll
0x00007ffeb1460000 - 0x00007ffeb147b000 	C:\Program Files\Android\Android Studio\jbr\bin\VCRUNTIME140.dll
0x00007ffeb9c60000 - 0x00007ffeb9e0e000 	C:\WINDOWS\System32\USER32.dll
0x00007ffeb80f0000 - 0x00007ffeb8116000 	C:\WINDOWS\System32\win32u.dll
0x00007ffeba510000 - 0x00007ffeba539000 	C:\WINDOWS\System32\GDI32.dll
0x00007ffeb7980000 - 0x00007ffeb7a9b000 	C:\WINDOWS\System32\gdi32full.dll
0x00007ffeb7fd0000 - 0x00007ffeb806a000 	C:\WINDOWS\System32\msvcp_win.dll
0x00007ffea8710000 - 0x00007ffea89a2000 	C:\WINDOWS\WinSxS\amd64_microsoft.windows.common-controls_6595b64144ccf1df_6.0.22621.4541_none_2710d1c57384c085\COMCTL32.dll
0x00007ffeb9e30000 - 0x00007ffeb9ed7000 	C:\WINDOWS\System32\msvcrt.dll
0x00007ffeb9080000 - 0x00007ffeb90b1000 	C:\WINDOWS\System32\IMM32.DLL
0x00007ffeb13e0000 - 0x00007ffeb13ec000 	C:\Program Files\Android\Android Studio\jbr\bin\vcruntime140_1.dll
0x00007ffe80c50000 - 0x00007ffe80cdd000 	C:\Program Files\Android\Android Studio\jbr\bin\msvcp140.dll
0x00007ffe486e0000 - 0x00007ffe4935d000 	C:\Program Files\Android\Android Studio\jbr\bin\server\jvm.dll
0x00007ffeba140000 - 0x00007ffeba1f2000 	C:\WINDOWS\System32\ADVAPI32.dll
0x00007ffeba090000 - 0x00007ffeba137000 	C:\WINDOWS\System32\sechost.dll
0x00007ffeb7aa0000 - 0x00007ffeb7ac8000 	C:\WINDOWS\System32\bcrypt.dll
0x00007ffeba310000 - 0x00007ffeba424000 	C:\WINDOWS\System32\RPCRT4.dll
0x00007ffeba200000 - 0x00007ffeba271000 	C:\WINDOWS\System32\WS2_32.dll
0x00007ffeb66d0000 - 0x00007ffeb671d000 	C:\WINDOWS\SYSTEM32\POWRPROF.dll
0x00007ffeb0030000 - 0x00007ffeb0064000 	C:\WINDOWS\SYSTEM32\WINMM.dll
0x00007ffeafb30000 - 0x00007ffeafb3a000 	C:\WINDOWS\SYSTEM32\VERSION.dll
0x00007ffeb6690000 - 0x00007ffeb66a3000 	C:\WINDOWS\SYSTEM32\UMPDC.dll
0x00007ffeb68f0000 - 0x00007ffeb6908000 	C:\WINDOWS\SYSTEM32\kernel.appcore.dll
0x00007ffea62c0000 - 0x00007ffea62ca000 	C:\Program Files\Android\Android Studio\jbr\bin\jimage.dll
0x00007ffeb52c0000 - 0x00007ffeb54f2000 	C:\WINDOWS\SYSTEM32\DBGHELP.DLL
0x00007ffeb9170000 - 0x00007ffeb94ff000 	C:\WINDOWS\System32\combase.dll
0x00007ffeba430000 - 0x00007ffeba507000 	C:\WINDOWS\System32\OLEAUT32.dll
0x00007ffe8fa30000 - 0x00007ffe8fa62000 	C:\WINDOWS\SYSTEM32\dbgcore.DLL
0x00007ffeb8070000 - 0x00007ffeb80eb000 	C:\WINDOWS\System32\bcryptPrimitives.dll
0x00007ffea6240000 - 0x00007ffea624e000 	C:\Program Files\Android\Android Studio\jbr\bin\instrument.dll
0x00007ffea62a0000 - 0x00007ffea62bf000 	C:\Program Files\Android\Android Studio\jbr\bin\java.dll
0x00007ffea61b0000 - 0x00007ffea61c8000 	C:\Program Files\Android\Android Studio\jbr\bin\zip.dll
0x00007ffeb8700000 - 0x00007ffeb8f78000 	C:\WINDOWS\System32\SHELL32.dll
0x00007ffeb55f0000 - 0x00007ffeb5ef8000 	C:\WINDOWS\SYSTEM32\windows.storage.dll
0x00007ffeb5f40000 - 0x00007ffeb607f000 	C:\WINDOWS\SYSTEM32\wintypes.dll
0x00007ffeb8f80000 - 0x00007ffeb907a000 	C:\WINDOWS\System32\SHCORE.dll
0x00007ffeb9110000 - 0x00007ffeb916e000 	C:\WINDOWS\System32\shlwapi.dll
0x00007ffeb7790000 - 0x00007ffeb77bb000 	C:\WINDOWS\SYSTEM32\profapi.dll
0x00007ffea61a0000 - 0x00007ffea61b0000 	C:\Program Files\Android\Android Studio\jbr\bin\net.dll
0x00007ffeaf040000 - 0x00007ffeaf176000 	C:\WINDOWS\SYSTEM32\WINHTTP.dll
0x00007ffeb6dd0000 - 0x00007ffeb6e39000 	C:\WINDOWS\system32\mswsock.dll
0x00007ffea2ec0000 - 0x00007ffea2ed6000 	C:\Program Files\Android\Android Studio\jbr\bin\nio.dll
0x00007ffea0ff0000 - 0x00007ffea1000000 	C:\Program Files\Android\Android Studio\jbr\bin\verify.dll
0x00007ffe84c20000 - 0x00007ffe84c47000 	C:\Users\nena\.gradle\native\68d5fa5c4cc2d200863cafc0d521ce42e7d3e7ee720ec0a83991735586a16f82\windows-amd64\native-platform.dll
0x00007ffe6abb0000 - 0x00007ffe6acf4000 	C:\Users\nena\.gradle\native\e376f236ea51e6404a007f0833ffe2c6e607c4080706a723a18a27aeea778392\windows-amd64\native-platform-file-events.dll
0x00007ffea2d50000 - 0x00007ffea2d59000 	C:\Program Files\Android\Android Studio\jbr\bin\management.dll
0x00007ffea1000000 - 0x00007ffea100b000 	C:\Program Files\Android\Android Studio\jbr\bin\management_ext.dll
0x00007ffeba540000 - 0x00007ffeba548000 	C:\WINDOWS\System32\PSAPI.DLL
0x00007ffeb6ff0000 - 0x00007ffeb700b000 	C:\WINDOWS\SYSTEM32\CRYPTSP.dll
0x00007ffeb68b0000 - 0x00007ffeb68e5000 	C:\WINDOWS\system32\rsaenh.dll
0x00007ffeb6e90000 - 0x00007ffeb6eb8000 	C:\WINDOWS\SYSTEM32\USERENV.dll
0x00007ffeb7010000 - 0x00007ffeb701c000 	C:\WINDOWS\SYSTEM32\CRYPTBASE.dll
0x00007ffeb6340000 - 0x00007ffeb636d000 	C:\WINDOWS\SYSTEM32\IPHLPAPI.DLL
0x00007ffeb9c50000 - 0x00007ffeb9c59000 	C:\WINDOWS\System32\NSI.dll
0x00007ffea2e50000 - 0x00007ffea2e59000 	C:\Program Files\Android\Android Studio\jbr\bin\extnet.dll
0x00007ffe87c00000 - 0x00007ffe87c08000 	C:\WINDOWS\system32\wshunix.dll

dbghelp: loaded successfully - version: 4.0.5 - missing functions: none
symbol engine: initialized successfully - sym options: 0x614 - pdb path: .;C:\Program Files\Android\Android Studio\jbr\bin;C:\WINDOWS\SYSTEM32;C:\WINDOWS\WinSxS\amd64_microsoft.windows.common-controls_6595b64144ccf1df_6.0.22621.4541_none_2710d1c57384c085;C:\Program Files\Android\Android Studio\jbr\bin\server;C:\Users\nena\.gradle\native\68d5fa5c4cc2d200863cafc0d521ce42e7d3e7ee720ec0a83991735586a16f82\windows-amd64;C:\Users\nena\.gradle\native\e376f236ea51e6404a007f0833ffe2c6e607c4080706a723a18a27aeea778392\windows-amd64

VM Arguments:
jvm_args: -XX:MaxMetaspaceSize=2G -XX:+HeapDumpOnOutOfMemoryError --add-opens=java.base/java.util=ALL-UNNAMED --add-opens=java.base/java.lang=ALL-UNNAMED --add-opens=java.base/java.lang.invoke=ALL-UNNAMED --add-opens=java.prefs/java.util.prefs=ALL-UNNAMED --add-opens=java.base/java.nio.charset=ALL-UNNAMED --add-opens=java.base/java.net=ALL-UNNAMED --add-opens=java.base/java.util.concurrent.atomic=ALL-UNNAMED -Xmx4G -Dfile.encoding=UTF-8 -Duser.country=IN -Duser.language=en -Duser.variant -javaagent:C:\Users\nena\.gradle\wrapper\dists\gradle-8.3-all\6en3ugtfdg5xnpx44z4qbwgas\gradle-8.3\lib\agents\gradle-instrumentation-agent-8.3.jar 
java_command: org.gradle.launcher.daemon.bootstrap.GradleDaemon 8.3
java_class_path (initial): C:\Users\nena\.gradle\wrapper\dists\gradle-8.3-all\6en3ugtfdg5xnpx44z4qbwgas\gradle-8.3\lib\gradle-launcher-8.3.jar
Launcher Type: SUN_STANDARD

[Global flags]
     intx CICompilerCount                          = 3                                         {product} {ergonomic}
     uint ConcGCThreads                            = 1                                         {product} {ergonomic}
     uint G1ConcRefinementThreads                  = 4                                         {product} {ergonomic}
   size_t G1HeapRegionSize                         = 2097152                                   {product} {ergonomic}
    uintx GCDrainStackTargetSize                   = 64                                        {product} {ergonomic}
     bool HeapDumpOnOutOfMemoryError               = true                                   {manageable} {command line}
   size_t InitialHeapSize                          = 65011712                                  {product} {ergonomic}
   size_t MarkStackSize                            = 4194304                                   {product} {ergonomic}
   size_t MaxHeapSize                              = 4294967296                                {product} {command line}
   size_t MaxMetaspaceSize                         = 2147483648                                {product} {command line}
   size_t MaxNewSize                               = 2575302656                                {product} {ergonomic}
   size_t MinHeapDeltaBytes                        = 2097152                                   {product} {ergonomic}
   size_t MinHeapSize                              = 8388608                                   {product} {ergonomic}
    uintx NonNMethodCodeHeapSize                   = 5832780                                {pd product} {ergonomic}
    uintx NonProfiledCodeHeapSize                  = 122912730                              {pd product} {ergonomic}
    uintx ProfiledCodeHeapSize                     = 122912730                              {pd product} {ergonomic}
    uintx ReservedCodeCacheSize                    = 251658240                              {pd product} {ergonomic}
     bool SegmentedCodeCache                       = true                                      {product} {ergonomic}
   size_t SoftMaxHeapSize                          = 4294967296                             {manageable} {ergonomic}
     bool UseCompressedOops                        = true                           {product lp64_product} {ergonomic}
     bool UseG1GC                                  = true                                      {product} {ergonomic}
     bool UseLargePagesIndividualAllocation        = false                                  {pd product} {ergonomic}

Logging:
Log output configuration:
 #0: stdout all=warning uptime,level,tags foldmultilines=false
 #1: stderr all=off uptime,level,tags foldmultilines=false

Environment Variables:
JAVA_HOME=C:\Program Files\Android\Android Studio\jbr
CLASSPATH=C:\Users\nena\StudioProjects\new_project\android\\gradle\wrapper\gradle-wrapper.jar
PATH=C:\Program Files\Android\Android Studio\jbr\bin;C:\Program Files\Eclipse Adoptium\jdk-21.0.4.7-hotspot\bin;C:\WINDOWS\system32;C:\WINDOWS;C:\WINDOWS\System32\Wbem;C:\WINDOWS\System32\WindowsPowerShell\v1.0\;C:\WINDOWS\System32\OpenSSH\;C:\Program Files\dotnet\;C:\MinGW\bin;C:\Program Files\Git\cmd;C:\flutter\bin;C:\flutter\src\flutter_windows_3.24.5-stable\flutter\bin;C:\flutter\src\flutter_windows_3.24.5-stable\flutter\bin;C:\Users\nena\AppData\Local\Programs\Python\Python311\Scripts\;C:\Users\nena\AppData\Local\Programs\Python\Python311\;C:\Users\nena\AppData\Local\Microsoft\WindowsApps;C:\flutter\src\flutter_windows_3.24.5-stable\flutter\bin\mingit\cmd
USERNAME=nena
OS=Windows_NT
PROCESSOR_IDENTIFIER=Intel64 Family 6 Model 142 Stepping 10, GenuineIntel
TMP=C:\Users\nena\AppData\Local\Temp
TEMP=C:\Users\nena\AppData\Local\Temp




Periodic native trim disabled

JNI global refs:
JNI global refs: 25, weak refs: 1

JNI global refs memory usage: 835, weak refs: 833

Process memory usage:
Resident Set Size: 256736K (6% of 4022668K total physical memory with 147292K free physical memory)

OOME stack traces (most recent first):
Classloader memory used:
Loader org.gradle.internal.classloader.VisitableURLClassLoader                         : 36792K
Loader bootstrap                                                                       : 24790K
Loader org.gradle.initialization.MixInLegacyTypesClassLoader                           : 11094K
Loader jdk.internal.loader.ClassLoaders$PlatformClassLoader                            : 519K
Loader jdk.internal.loader.ClassLoaders$AppClassLoader                                 : 227K
Loader org.gradle.groovy.scripts.internal.DefaultScriptCompilationHandler$ScriptClassLoader: 77424B
Loader org.gradle.internal.classloader.VisitableURLClassLoader$InstrumentingVisitableURLClassLoader: 67488B
Loader org.codehaus.groovy.runtime.callsite.CallSiteClassLoader                        : 37456B
Loader jdk.internal.reflect.DelegatingClassLoader                                      : 3464B
Loader sun.reflect.misc.MethodUtil                                                     : 2960B

Classes loaded by more than one classloader:
Class Program                                                                         : loaded 3 times (x 69B)
Class org.gradle.internal.classloader.ClassLoaderHierarchy                            : loaded 2 times (x 67B)
Class org.gradle.api.internal.classpath.ManifestUtil                                  : loaded 2 times (x 68B)
Class org.gradle.internal.classloader.DefaultClassLoaderFactory                       : loaded 2 times (x 79B)
Class org.gradle.internal.classloader.ClassLoaderVisitor                              : loaded 2 times (x 73B)
Class org.gradle.api.internal.classpath.EffectiveClassPath                            : loaded 2 times (x 87B)
Class org.gradle.api.internal.DefaultClassPathProvider                                : loaded 2 times (x 73B)
Class [Lorg.gradle.api.internal.ClassPathProvider;                                    : loaded 2 times (x 66B)
Class org.gradle.api.internal.ClassPathProvider                                       : loaded 2 times (x 67B)
Class org.gradle.internal.service.UnknownServiceException                             : loaded 2 times (x 80B)
Class org.gradle.internal.classpath.TransformedClassPath                              : loaded 2 times (x 93B)
Class org.gradle.internal.service.ServiceLocator                                      : loaded 2 times (x 67B)
Class org.gradle.internal.InternalTransformer                                         : loaded 2 times (x 67B)
Class org.gradle.internal.classloader.ClasspathUtil$1                                 : loaded 2 times (x 73B)
Class org.gradle.api.internal.classpath.DefaultModuleRegistry$DefaultModule           : loaded 2 times (x 83B)
Class org.gradle.api.internal.classpath.Module                                        : loaded 2 times (x 67B)
Class org.gradle.api.internal.classpath.UnknownModuleException                        : loaded 2 times (x 79B)
Class org.gradle.cache.GlobalCache                                                    : loaded 2 times (x 67B)
Class org.gradle.api.internal.DefaultClassPathRegistry                                : loaded 2 times (x 73B)
Class org.gradle.api.internal.ClassPathRegistry                                       : loaded 2 times (x 67B)
Class org.gradle.internal.classpath.DefaultClassPath$ImmutableUniqueList              : loaded 2 times (x 196B)
Class org.gradle.internal.classloader.FilteringClassLoader                            : loaded 2 times (x 102B)
Class org.gradle.internal.classpath.ClassPath                                         : loaded 2 times (x 67B)
Class org.gradle.api.UncheckedIOException                                             : loaded 2 times (x 79B)
Class org.gradle.internal.installation.GradleInstallation$1                           : loaded 2 times (x 72B)
Class org.gradle.api.internal.classpath.ModuleRegistry                                : loaded 2 times (x 67B)
Class settings_3n7egm89jdq1tkrvwbu19kkza                                              : loaded 2 times (x 176B)
Class org.gradle.api.internal.classpath.DefaultModuleRegistry                         : loaded 2 times (x 83B)
Class org.gradle.internal.service.ServiceLookupException                              : loaded 2 times (x 79B)
Class org.gradle.internal.classloader.ClassLoaderFactory                              : loaded 2 times (x 67B)
Class org.gradle.internal.service.CachingServiceLocator                               : loaded 2 times (x 79B)
Class org.gradle.internal.classloader.ClasspathUtil                                   : loaded 2 times (x 68B)
Class org.gradle.api.specs.Spec                                                       : loaded 2 times (x 67B)
Class Build_gradle$1                                                                  : loaded 2 times (x 71B)
Class org.gradle.internal.classloader.VisitableURLClassLoader$InstrumentingVisitableURLClassLoader: loaded 2 times (x 120B)
Class org.gradle.internal.classloader.VisitableURLClassLoader$Spec                    : loaded 2 times (x 71B)
Class org.gradle.internal.classpath.DefaultClassPath                                  : loaded 2 times (x 87B)
Class org.gradle.internal.classloader.ClassLoaderSpec                                 : loaded 2 times (x 68B)
Class org.gradle.internal.classloader.VisitableURLClassLoader                         : loaded 2 times (x 114B)
Class org.gradle.internal.Cast                                                        : loaded 2 times (x 68B)
Class org.gradle.api.Action                                                           : loaded 2 times (x 67B)
Class org.gradle.internal.agents.InstrumentingClassLoader                             : loaded 2 times (x 67B)
Class org.gradle.internal.classpath.DefaultClassPath$ImmutableUniqueList$Builder      : loaded 2 times (x 72B)
Class org.gradle.api.GradleException                                                  : loaded 2 times (x 79B)
Class org.gradle.internal.IoActions                                                   : loaded 2 times (x 68B)
Class org.gradle.internal.classloader.SystemClassLoaderSpec                           : loaded 2 times (x 68B)
Class Build_gradle                                                                    : loaded 2 times (x 127B)
Class org.gradle.internal.installation.CurrentGradleInstallationLocator               : loaded 2 times (x 68B)
Class org.gradle.internal.service.DefaultServiceLocator                               : loaded 2 times (x 80B)
Class org.gradle.internal.installation.CurrentGradleInstallation                      : loaded 2 times (x 70B)
Class org.gradle.util.internal.GUtil                                                  : loaded 2 times (x 68B)
Class org.gradle.internal.installation.GradleInstallation                             : loaded 2 times (x 72B)

---------------  S Y S T E M  ---------------

OS:
 Windows 11 , 64 bit Build 22621 (10.0.22621.4391)
OS uptime: 0 days 17:23 hours
Hyper-V role detected

CPU: total 4 (initial active 4) (2 cores per cpu, 2 threads per core) family 6 model 142 stepping 10 microcode 0xea, cx8, cmov, fxsr, ht, mmx, 3dnowpref, sse, sse2, sse3, ssse3, sse4.1, sse4.2, popcnt, lzcnt, tsc, tscinvbit, avx, avx2, aes, erms, clmul, bmi1, bmi2, adx, fma, vzeroupper, clflush, clflushopt, hv, rdtscp, f16c
Processor Information for all 4 processors :
  Max Mhz: 2201, Current Mhz: 2201, Mhz Limit: 2201

Memory: 4k page, system-wide physical 3928M (147M free)
TotalPageFile size 16216M (AvailPageFile size 5M)
current process WorkingSet (physical memory assigned to process): 251M, peak: 251M
current process commit charge ("private bytes"): 318M, peak: 320M

vm_info: OpenJDK 64-Bit Server VM (21.0.3+-12282718-b509.11) for windows-amd64 JRE (21.0.3+-12282718-b509.11), built on 2024-08-27T17:34:15Z by "builder" with MS VC++ 16.10 / 16.11 (VS2019)

END.
